<?xml version="1.0" encoding="UTF-8"?>
<testsuite name="com.fullcycle.admin.catalogo.application.category.delete.DeleteCategoryUseCaseTest" tests="3" skipped="0" failures="0" errors="0" timestamp="2023-01-04T11:17:46" hostname="MURILO-G2022" time="0.005">
  <properties/>
  <testcase name="givenAnInvalidId_whenCallDeleteCategory_shouldBeOk()" classname="com.fullcycle.admin.catalogo.application.category.delete.DeleteCategoryUseCaseTest" time="0.002"/>
  <testcase name="givenAValidCommand_whenCallDeleteCategory_shouldDelete()" classname="com.fullcycle.admin.catalogo.application.category.delete.DeleteCategoryUseCaseTest" time="0.001"/>
  <testcase name="givenAValidId_whenGatewayThrowsError_shouldReturnException()" classname="com.fullcycle.admin.catalogo.application.category.delete.DeleteCategoryUseCaseTest" time="0.001"/>
  <system-out><![CDATA[]]></system-out>
  <system-err><![CDATA[]]></system-err>
</testsuite>
