<?xml version="1.0" encoding="UTF-8"?>
<testsuite name="com.fullcycle.admin.catalogo.application.category.retrieve.get.GetCategoryByIdUseCaseTest" tests="3" skipped="0" failures="0" errors="0" timestamp="2023-01-04T11:17:45" hostname="MURILO-G2022" time="0.362">
  <properties/>
  <testcase name="givenAValidId_whenGatewayThrowsException_shouldReturnException()" classname="com.fullcycle.admin.catalogo.application.category.retrieve.get.GetCategoryByIdUseCaseTest" time="0.354"/>
  <testcase name="givenAValidId_whenCallGetById_shouldReturnCategory()" classname="com.fullcycle.admin.catalogo.application.category.retrieve.get.GetCategoryByIdUseCaseTest" time="0.005"/>
  <testcase name="givenAnInvalidId_whenCallGetById_shouldReturnNotFound()" classname="com.fullcycle.admin.catalogo.application.category.retrieve.get.GetCategoryByIdUseCaseTest" time="0.002"/>
  <system-out><![CDATA[]]></system-out>
  <system-err><![CDATA[]]></system-err>
</testsuite>
