<?xml version="1.0" encoding="UTF-8"?>
<testsuite name="com.fullcycle.admin.catalogo.application.category.retrieve.get.GetCategoryByIdUseCaseTest" tests="3" skipped="0" failures="0" errors="0" timestamp="2022-12-07T18:25:50" hostname="MURILO-G2022" time="0.007">
  <properties/>
  <testcase name="givenAValidId_whenGatewayThrowsException_shouldReturnException()" classname="com.fullcycle.admin.catalogo.application.category.retrieve.get.GetCategoryByIdUseCaseTest" time="0.002"/>
  <testcase name="givenAValidId_whenCallGetById_shouldReturnCategory()" classname="com.fullcycle.admin.catalogo.application.category.retrieve.get.GetCategoryByIdUseCaseTest" time="0.002"/>
  <testcase name="givenAnInvalidId_whenCallGetById_shouldReturnNotFound()" classname="com.fullcycle.admin.catalogo.application.category.retrieve.get.GetCategoryByIdUseCaseTest" time="0.001"/>
  <system-out><![CDATA[]]></system-out>
  <system-err><![CDATA[]]></system-err>
</testsuite>
