<?xml version="1.0" encoding="UTF-8"?>
<testsuite name="com.fullcycle.admin.catalogo.application.category.update.UpdateCategoryUseCaseTest" tests="5" skipped="0" failures="0" errors="0" timestamp="2023-01-04T11:17:46" hostname="MURILO-G2022" time="0.011">
  <properties/>
  <testcase name="givenAValidCommand_whenCallsUpdateCategory_shouldThrowAnCategoryGatewayException()" classname="com.fullcycle.admin.catalogo.application.category.update.UpdateCategoryUseCaseTest" time="0.004"/>
  <testcase name="givenACommandWithInvalidId_whenCallsUpdateCategory_shouldThrowNotFoundException()" classname="com.fullcycle.admin.catalogo.application.category.update.UpdateCategoryUseCaseTest" time="0.001"/>
  <testcase name="givenAValidCommand_whenCallsUpdateCategory_shouldReturnCategoryId()" classname="com.fullcycle.admin.catalogo.application.category.update.UpdateCategoryUseCaseTest" time="0.001"/>
  <testcase name="givenACommandWithInvalidName_whenCallsUpdateCategory_shouldReturnNotificationError()" classname="com.fullcycle.admin.catalogo.application.category.update.UpdateCategoryUseCaseTest" time="0.001"/>
  <testcase name="givenAValidCommand_whenCallsUpdateCategoryToInactive_shouldReturnCategoryId()" classname="com.fullcycle.admin.catalogo.application.category.update.UpdateCategoryUseCaseTest" time="0.002"/>
  <system-out><![CDATA[]]></system-out>
  <system-err><![CDATA[]]></system-err>
</testsuite>
