<?xml version="1.0" encoding="UTF-8"?>
<testsuite name="com.fullcycle.admin.catalogo.application.category.delete.DeleteCategoryUseCaseIT" tests="3" skipped="0" failures="0" errors="0" timestamp="2022-12-20T19:00:02" hostname="MURILO-G2022" time="0.042">
  <properties/>
  <testcase name="givenAnInvalidId_whenCallDeleteCategory_shouldBeOk()" classname="com.fullcycle.admin.catalogo.application.category.delete.DeleteCategoryUseCaseIT" time="0.019"/>
  <testcase name="givenAValidCommand_whenCallDeleteCategory_shouldDelete()" classname="com.fullcycle.admin.catalogo.application.category.delete.DeleteCategoryUseCaseIT" time="0.014"/>
  <testcase name="givenAValidId_whenGatewayThrowsError_shouldReturnException()" classname="com.fullcycle.admin.catalogo.application.category.delete.DeleteCategoryUseCaseIT" time="0.007"/>
  <system-out><![CDATA[2022-12-20 16:00:02.455  INFO 22940 --- [    Test worker] .b.t.c.SpringBootTestContextBootstrapper : Neither @ContextConfiguration nor @ContextHierarchy found for test class [com.fullcycle.admin.catalogo.application.category.delete.DeleteCategoryUseCaseIT], using SpringBootContextLoader
2022-12-20 16:00:02.455  INFO 22940 --- [    Test worker] o.s.t.c.support.AbstractContextLoader    : Could not detect default resource locations for test class [com.fullcycle.admin.catalogo.application.category.delete.DeleteCategoryUseCaseIT]: no resource found for suffixes {-context.xml, Context.groovy}.
2022-12-20 16:00:02.457  INFO 22940 --- [    Test worker] .b.t.c.SpringBootTestContextBootstrapper : Loaded default TestExecutionListener class names from location [META-INF/spring.factories]: [org.springframework.boot.test.autoconfigure.restdocs.RestDocsTestExecutionListener, org.springframework.boot.test.autoconfigure.web.client.MockRestServiceServerResetTestExecutionListener, org.springframework.boot.test.autoconfigure.web.servlet.MockMvcPrintOnlyOnFailureTestExecutionListener, org.springframework.boot.test.autoconfigure.web.servlet.WebDriverTestExecutionListener, org.springframework.boot.test.autoconfigure.webservices.client.MockWebServiceServerTestExecutionListener, org.springframework.boot.test.mock.mockito.MockitoTestExecutionListener, org.springframework.boot.test.mock.mockito.ResetMocksTestExecutionListener, org.springframework.test.context.web.ServletTestExecutionListener, org.springframework.test.context.support.DirtiesContextBeforeModesTestExecutionListener, org.springframework.test.context.event.ApplicationEventsTestExecutionListener, org.springframework.test.context.support.DependencyInjectionTestExecutionListener, org.springframework.test.context.support.DirtiesContextTestExecutionListener, org.springframework.test.context.transaction.TransactionalTestExecutionListener, org.springframework.test.context.jdbc.SqlScriptsTestExecutionListener, org.springframework.test.context.event.EventPublishingTestExecutionListener]
2022-12-20 16:00:02.457  INFO 22940 --- [    Test worker] .b.t.c.SpringBootTestContextBootstrapper : Using TestExecutionListeners: [org.springframework.test.context.web.ServletTestExecutionListener@37ecc472, org.springframework.test.context.support.DirtiesContextBeforeModesTestExecutionListener@27311c99, org.springframework.test.context.event.ApplicationEventsTestExecutionListener@76ac3ad0, org.springframework.boot.test.mock.mockito.MockitoTestExecutionListener@1e6be9f0, org.springframework.boot.test.autoconfigure.SpringBootDependencyInjectionTestExecutionListener@4ff5711b, org.springframework.test.context.support.DirtiesContextTestExecutionListener@608f79a8, org.springframework.test.context.transaction.TransactionalTestExecutionListener@77e2a5d3, org.springframework.test.context.jdbc.SqlScriptsTestExecutionListener@3687f6b6, org.springframework.test.context.event.EventPublishingTestExecutionListener@521e34d4, org.springframework.boot.test.autoconfigure.restdocs.RestDocsTestExecutionListener@49c74506, org.springframework.boot.test.autoconfigure.web.client.MockRestServiceServerResetTestExecutionListener@2be9add0, org.springframework.boot.test.autoconfigure.web.servlet.MockMvcPrintOnlyOnFailureTestExecutionListener@2252dc5d, org.springframework.boot.test.autoconfigure.web.servlet.WebDriverTestExecutionListener@149e457, org.springframework.boot.test.autoconfigure.webservices.client.MockWebServiceServerTestExecutionListener@72557e0d, org.springframework.boot.test.mock.mockito.ResetMocksTestExecutionListener@14b4caba]
Hibernate: select categoryjp0_.id as id1_0_, categoryjp0_.active as active2_0_, categoryjp0_.created_at as created_3_0_, categoryjp0_.deleted_at as deleted_4_0_, categoryjp0_.description as descript5_0_, categoryjp0_.name as name6_0_, categoryjp0_.updated_at as updated_7_0_ from category categoryjp0_
Hibernate: select count(*) as col_0_0_ from category categoryjp0_
Hibernate: select count(*) as col_0_0_ from category categoryjp0_ where categoryjp0_.id=?
Hibernate: select count(*) as col_0_0_ from category categoryjp0_
Hibernate: select categoryjp0_.id as id1_0_, categoryjp0_.active as active2_0_, categoryjp0_.created_at as created_3_0_, categoryjp0_.deleted_at as deleted_4_0_, categoryjp0_.description as descript5_0_, categoryjp0_.name as name6_0_, categoryjp0_.updated_at as updated_7_0_ from category categoryjp0_
Hibernate: select count(*) as col_0_0_ from category categoryjp0_
Hibernate: select categoryjp0_.id as id1_0_0_, categoryjp0_.active as active2_0_0_, categoryjp0_.created_at as created_3_0_0_, categoryjp0_.deleted_at as deleted_4_0_0_, categoryjp0_.description as descript5_0_0_, categoryjp0_.name as name6_0_0_, categoryjp0_.updated_at as updated_7_0_0_ from category categoryjp0_ where categoryjp0_.id=?
Hibernate: insert into category (active, created_at, deleted_at, description, name, updated_at, id) values (?, ?, ?, ?, ?, ?, ?)
Hibernate: select count(*) as col_0_0_ from category categoryjp0_
Hibernate: select count(*) as col_0_0_ from category categoryjp0_ where categoryjp0_.id=?
Hibernate: select categoryjp0_.id as id1_0_0_, categoryjp0_.active as active2_0_0_, categoryjp0_.created_at as created_3_0_0_, categoryjp0_.deleted_at as deleted_4_0_0_, categoryjp0_.description as descript5_0_0_, categoryjp0_.name as name6_0_0_, categoryjp0_.updated_at as updated_7_0_0_ from category categoryjp0_ where categoryjp0_.id=?
Hibernate: delete from category where id=?
Hibernate: select count(*) as col_0_0_ from category categoryjp0_
Hibernate: select categoryjp0_.id as id1_0_, categoryjp0_.active as active2_0_, categoryjp0_.created_at as created_3_0_, categoryjp0_.deleted_at as deleted_4_0_, categoryjp0_.description as descript5_0_, categoryjp0_.name as name6_0_, categoryjp0_.updated_at as updated_7_0_ from category categoryjp0_
]]></system-out>
  <system-err><![CDATA[]]></system-err>
</testsuite>
