<?xml version="1.0" encoding="UTF-8"?>
<testsuite name="com.fullcycle.admin.catalogo.infrastructure.category.api.CategoryAPITest" tests="5" skipped="0" failures="0" errors="0" timestamp="2022-12-20T19:00:07" hostname="MURILO-G2022" time="0.217">
  <properties/>
  <testcase name="givenAValidCommand_whenCallsCreateCategory_shouldReturnCategoryId()" classname="com.fullcycle.admin.catalogo.infrastructure.category.api.CategoryAPITest" time="0.166"/>
  <testcase name="givenAnNullCommandName_whenCallsCreateCategory_shouldReturnNotificationError()" classname="com.fullcycle.admin.catalogo.infrastructure.category.api.CategoryAPITest" time="0.014"/>
  <testcase name="givenAValidId_whenCallsGetCategoryById_shouldReturnACategory()" classname="com.fullcycle.admin.catalogo.infrastructure.category.api.CategoryAPITest" time="0.014"/>
  <testcase name="givenAnInvalidId_whenCallsGetCategoryById_shouldReturnNotFound()" classname="com.fullcycle.admin.catalogo.infrastructure.category.api.CategoryAPITest" time="0.012"/>
  <testcase name="givenAnNullCommandName_whenCallsCreateCategory_shouldThrowADomainException()" classname="com.fullcycle.admin.catalogo.infrastructure.category.api.CategoryAPITest" time="0.009"/>
  <system-out><![CDATA[2022-12-20 16:00:06.669  INFO 22940 --- [    Test worker] .b.t.a.w.s.WebMvcTestContextBootstrapper : Neither @ContextConfiguration nor @ContextHierarchy found for test class [com.fullcycle.admin.catalogo.infrastructure.category.api.CategoryAPITest], using SpringBootContextLoader
2022-12-20 16:00:06.669  INFO 22940 --- [    Test worker] o.s.t.c.support.AbstractContextLoader    : Could not detect default resource locations for test class [com.fullcycle.admin.catalogo.infrastructure.category.api.CategoryAPITest]: no resource found for suffixes {-context.xml, Context.groovy}.
2022-12-20 16:00:06.669  INFO 22940 --- [    Test worker] t.c.s.AnnotationConfigContextLoaderUtils : Could not detect default configuration classes for test class [com.fullcycle.admin.catalogo.infrastructure.category.api.CategoryAPITest]: CategoryAPITest does not declare any static, non-private, non-final, nested classes annotated with @Configuration.
2022-12-20 16:00:06.677  INFO 22940 --- [    Test worker] .b.t.c.SpringBootTestContextBootstrapper : Found @SpringBootConfiguration com.fullcycle.admin.catalogo.infrastructure.Main for test class com.fullcycle.admin.catalogo.infrastructure.category.api.CategoryAPITest
2022-12-20 16:00:06.678  INFO 22940 --- [    Test worker] .b.t.a.w.s.WebMvcTestContextBootstrapper : Loaded default TestExecutionListener class names from location [META-INF/spring.factories]: [org.springframework.boot.test.autoconfigure.restdocs.RestDocsTestExecutionListener, org.springframework.boot.test.autoconfigure.web.client.MockRestServiceServerResetTestExecutionListener, org.springframework.boot.test.autoconfigure.web.servlet.MockMvcPrintOnlyOnFailureTestExecutionListener, org.springframework.boot.test.autoconfigure.web.servlet.WebDriverTestExecutionListener, org.springframework.boot.test.autoconfigure.webservices.client.MockWebServiceServerTestExecutionListener, org.springframework.boot.test.mock.mockito.MockitoTestExecutionListener, org.springframework.boot.test.mock.mockito.ResetMocksTestExecutionListener, org.springframework.test.context.web.ServletTestExecutionListener, org.springframework.test.context.support.DirtiesContextBeforeModesTestExecutionListener, org.springframework.test.context.event.ApplicationEventsTestExecutionListener, org.springframework.test.context.support.DependencyInjectionTestExecutionListener, org.springframework.test.context.support.DirtiesContextTestExecutionListener, org.springframework.test.context.transaction.TransactionalTestExecutionListener, org.springframework.test.context.jdbc.SqlScriptsTestExecutionListener, org.springframework.test.context.event.EventPublishingTestExecutionListener]
2022-12-20 16:00:06.678  INFO 22940 --- [    Test worker] .b.t.a.w.s.WebMvcTestContextBootstrapper : Using TestExecutionListeners: [org.springframework.test.context.web.ServletTestExecutionListener@b0bd567, org.springframework.test.context.support.DirtiesContextBeforeModesTestExecutionListener@7f8586f9, org.springframework.test.context.event.ApplicationEventsTestExecutionListener@248227db, org.springframework.boot.test.mock.mockito.MockitoTestExecutionListener@fb69ab1, org.springframework.boot.test.autoconfigure.SpringBootDependencyInjectionTestExecutionListener@5ac3c6cd, org.springframework.test.context.support.DirtiesContextTestExecutionListener@9223122, org.springframework.test.context.transaction.TransactionalTestExecutionListener@3c2b7322, org.springframework.test.context.jdbc.SqlScriptsTestExecutionListener@7731504, org.springframework.test.context.event.EventPublishingTestExecutionListener@43c25e89, org.springframework.boot.test.autoconfigure.restdocs.RestDocsTestExecutionListener@5b71ccf2, org.springframework.boot.test.autoconfigure.web.client.MockRestServiceServerResetTestExecutionListener@3c2406dd, org.springframework.boot.test.autoconfigure.web.servlet.MockMvcPrintOnlyOnFailureTestExecutionListener@23e0ef68, org.springframework.boot.test.autoconfigure.web.servlet.WebDriverTestExecutionListener@7207cb8b, org.springframework.boot.test.autoconfigure.webservices.client.MockWebServiceServerTestExecutionListener@27449f65, org.springframework.boot.test.mock.mockito.ResetMocksTestExecutionListener@3b4a77be]

  .   ____          _            __ _ _
 /\\ / ___'_ __ _ _(_)_ __  __ _ \ \ \ \
( ( )\___ | '_ | '_| | '_ \/ _` | \ \ \ \
 \\/  ___)| |_)| | | | | || (_| |  ) ) ) )
  '  |____| .__|_| |_|_| |_\__, | / / / /
 =========|_|==============|___/=/_/_/_/
 :: Spring Boot ::                (v2.6.7)

2022-12-20 16:00:06.697  INFO 22940 --- [    Test worker] c.f.a.c.i.category.api.CategoryAPITest   : Starting CategoryAPITest using Java 17.0.5 on MURILO-G2022 with PID 22940 (started by murilo in C:\Users\muril\OneDrive\Desktop\estudando\spring\full-cycle\fc3-admin-do-catalogo\infrastructure)
2022-12-20 16:00:06.698  INFO 22940 --- [    Test worker] c.f.a.c.i.category.api.CategoryAPITest   : The following 1 profile is active: "test"
2022-12-20 16:00:07.088  INFO 22940 --- [    Test worker] o.s.b.t.m.w.SpringBootMockServletContext : Initializing Spring TestDispatcherServlet ''
2022-12-20 16:00:07.089  INFO 22940 --- [    Test worker] o.s.t.web.servlet.TestDispatcherServlet  : Initializing Servlet ''
2022-12-20 16:00:07.089  INFO 22940 --- [    Test worker] o.s.t.web.servlet.TestDispatcherServlet  : Completed initialization in 0 ms
2022-12-20 16:00:07.097  INFO 22940 --- [    Test worker] c.f.a.c.i.category.api.CategoryAPITest   : Started CategoryAPITest in 0.417 seconds (JVM running for 12.487)

MockHttpServletRequest:
      HTTP Method = POST
      Request URI = /categories
       Parameters = {}
          Headers = [Content-Type:"application/json;charset=UTF-8", Content-Length:"77"]
             Body = {"name":"Filmes","description":"A categoria mais assistida","is_active":true}
    Session Attrs = {}

Handler:
             Type = com.fullcycle.admin.catalogo.infrastructure.api.controllers.CategoryController
           Method = com.fullcycle.admin.catalogo.infrastructure.api.controllers.CategoryController#createCategory(CreateCategoryApiInput)

Async:
    Async started = false
     Async result = null

Resolved Exception:
             Type = null

ModelAndView:
        View name = null
             View = null
            Model = null

FlashMap:
       Attributes = null

MockHttpServletResponse:
           Status = 201
    Error message = null
          Headers = [Location:"/categories/123", Content-Type:"application/json"]
     Content type = application/json
             Body = {"id":"123"}
    Forwarded URL = null
   Redirected URL = /categories/123
          Cookies = []

MockHttpServletRequest:
      HTTP Method = POST
      Request URI = /categories
       Parameters = {}
          Headers = [Content-Type:"application/json;charset=UTF-8", Content-Length:"73"]
             Body = {"name":null,"description":"A categoria mais assistida","is_active":true}
    Session Attrs = {}

Handler:
             Type = com.fullcycle.admin.catalogo.infrastructure.api.controllers.CategoryController
           Method = com.fullcycle.admin.catalogo.infrastructure.api.controllers.CategoryController#createCategory(CreateCategoryApiInput)

Async:
    Async started = false
     Async result = null

Resolved Exception:
             Type = null

ModelAndView:
        View name = null
             View = null
            Model = null

FlashMap:
       Attributes = null

MockHttpServletResponse:
           Status = 422
    Error message = null
          Headers = [Content-Type:"application/json"]
     Content type = application/json
             Body = {"errors":[{"message":"'name' should not be null"}]}
    Forwarded URL = null
   Redirected URL = null
          Cookies = []

MockHttpServletRequest:
      HTTP Method = GET
      Request URI = /categories/d66e0c50-33b8-4fa3-8ddf-783309febc47
       Parameters = {}
          Headers = []
             Body = null
    Session Attrs = {}

Handler:
             Type = com.fullcycle.admin.catalogo.infrastructure.api.controllers.CategoryController
           Method = com.fullcycle.admin.catalogo.infrastructure.api.controllers.CategoryController#getById(String)

Async:
    Async started = false
     Async result = null

Resolved Exception:
             Type = null

ModelAndView:
        View name = null
             View = null
            Model = null

FlashMap:
       Attributes = null

MockHttpServletResponse:
           Status = 200
    Error message = null
          Headers = [Content-Type:"application/json"]
     Content type = application/json
             Body = {"id":"d66e0c50-33b8-4fa3-8ddf-783309febc47","name":"Filmes","description":"A categoria mais assistida","is_active":true,"created_at":"2022-12-20T19:00:07.282202300Z","updated_at":"2022-12-20T19:00:07.282202300Z","deleted_at":null}
    Forwarded URL = null
   Redirected URL = null
          Cookies = []

MockHttpServletRequest:
      HTTP Method = GET
      Request URI = /categories/123
       Parameters = {}
          Headers = []
             Body = null
    Session Attrs = {}

Handler:
             Type = com.fullcycle.admin.catalogo.infrastructure.api.controllers.CategoryController
           Method = com.fullcycle.admin.catalogo.infrastructure.api.controllers.CategoryController#getById(String)

Async:
    Async started = false
     Async result = null

Resolved Exception:
             Type = com.fullcycle.admin.catalogo.domain.exceptions.NotFoundException

ModelAndView:
        View name = null
             View = null
            Model = null

FlashMap:
       Attributes = null

MockHttpServletResponse:
           Status = 404
    Error message = null
          Headers = [Content-Type:"application/json"]
     Content type = application/json
             Body = {"message":"Category with ID 123 was not found","errors":[]}
    Forwarded URL = null
   Redirected URL = null
          Cookies = []

MockHttpServletRequest:
      HTTP Method = POST
      Request URI = /categories
       Parameters = {}
          Headers = [Content-Type:"application/json;charset=UTF-8", Content-Length:"73"]
             Body = {"name":null,"description":"A categoria mais assistida","is_active":true}
    Session Attrs = {}

Handler:
             Type = com.fullcycle.admin.catalogo.infrastructure.api.controllers.CategoryController
           Method = com.fullcycle.admin.catalogo.infrastructure.api.controllers.CategoryController#createCategory(CreateCategoryApiInput)

Async:
    Async started = false
     Async result = null

Resolved Exception:
             Type = com.fullcycle.admin.catalogo.domain.exceptions.DomainException

ModelAndView:
        View name = null
             View = null
            Model = null

FlashMap:
       Attributes = null

MockHttpServletResponse:
           Status = 422
    Error message = null
          Headers = [Content-Type:"application/json"]
     Content type = application/json
             Body = {"message":"'name' should not be null","errors":[{"message":"'name' should not be null"}]}
    Forwarded URL = null
   Redirected URL = null
          Cookies = []
]]></system-out>
  <system-err><![CDATA[]]></system-err>
</testsuite>
